<?xml version="1.0" encoding="UTF-8"?>
<testng-results skipped="0" failed="0" total="1" passed="1">
  <reporter-output>
  </reporter-output>
  <suite name="Default suite" duration-ms="42926" started-at="2015-08-14T06:07:06Z" finished-at="2015-08-14T06:07:49Z">
    <groups>
    </groups>
    <test name="Default test" duration-ms="42926" started-at="2015-08-14T06:07:06Z" finished-at="2015-08-14T06:07:49Z">
      <class name="com.learnautomation.selenium.IrctcTrain">
        <test-method status="PASS" signature="beforeClass()[pri:0, instance:com.learnautomation.selenium.IrctcTrain@13cc05f]" name="beforeClass" is-config="true" duration-ms="25" started-at="2015-08-14T11:37:06Z" finished-at="2015-08-14T11:37:06Z">
          <reporter-output>
          </reporter-output>
        </test-method> <!-- beforeClass -->
        <test-method status="PASS" signature="beforeMethod()[pri:0, instance:com.learnautomation.selenium.IrctcTrain@13cc05f]" name="beforeMethod" is-config="true" duration-ms="30896" started-at="2015-08-14T11:37:06Z" finished-at="2015-08-14T11:37:37Z">
          <reporter-output>
          </reporter-output>
        </test-method> <!-- beforeMethod -->
        <test-method status="PASS" signature="test1()[pri:0, instance:com.learnautomation.selenium.IrctcTrain@13cc05f]" name="test1" duration-ms="11795" started-at="2015-08-14T11:37:37Z" finished-at="2015-08-14T11:37:49Z">
          <reporter-output>
          </reporter-output>
        </test-method> <!-- test1 -->
        <test-method status="PASS" signature="afterMethod()[pri:0, instance:com.learnautomation.selenium.IrctcTrain@13cc05f]" name="afterMethod" is-config="true" duration-ms="1" started-at="2015-08-14T11:37:49Z" finished-at="2015-08-14T11:37:49Z">
          <reporter-output>
          </reporter-output>
        </test-method> <!-- afterMethod -->
        <test-method status="PASS" signature="afterClass()[pri:0, instance:com.learnautomation.selenium.IrctcTrain@13cc05f]" name="afterClass" is-config="true" duration-ms="0" started-at="2015-08-14T11:37:49Z" finished-at="2015-08-14T11:37:49Z">
          <reporter-output>
          </reporter-output>
        </test-method> <!-- afterClass -->
      </class> <!-- com.learnautomation.selenium.IrctcTrain -->
    </test> <!-- Default test -->
  </suite> <!-- Default suite -->
</testng-results>
