<?xml version="1.0" encoding="UTF-8"?>
<!-- Generated by org.testng.reporters.JUnitXMLReporter -->
<testsuite hostname="amarendra-PC" name="Test" tests="3" failures="0" timestamp="7 Aug 2015 10:08:10 GMT" time="29.127" errors="0">
  <testcase name="testMaven" time="0.037" classname="com.learnautomation.selenium.TestMaven"/>
  <testcase name="testMaven" time="0.003" classname="com.learnautomation.selenium.DemoforMaven"/>
  <testcase name="loginTest" time="11.045" classname="com.learnautomation.selenium.Login"/>
</testsuite> <!-- Test -->
