<?xml version="1.0" encoding="UTF-8"?>
<!-- Generated by org.testng.reporters.JUnitXMLReporter -->
<testsuite hostname="amarendra-PC" name="Test" tests="3" failures="0" timestamp="7 Aug 2015 10:39:54 GMT" time="44.101" errors="0">
  <testcase name="testMaven" time="0.029" classname="com.learnautomation.selenium.TestMaven"/>
  <testcase name="testMaven" time="0.001" classname="com.learnautomation.selenium.DemoforMaven"/>
  <testcase name="VeryfiCusttest" time="27.979" classname="com.learnautomation.selenium.Login"/>
</testsuite> <!-- Test -->
